c:\progetti\alfa\repository\fw-mab\hidbootloader\debug\hidbootloader.form1.resources
c:\progetti\alfa\repository\fw-mab\hidbootloader\debug\bootloaderapp.pch
c:\progetti\alfa\repository\fw-mab\hidbootloader\debug\vc140.pdb
c:\progetti\alfa\repository\fw-mab\hidbootloader\debug\stdafx.obj
c:\progetti\alfa\repository\fw-mab\hidbootloader\debug\hidbootloader.obj
c:\progetti\alfa\repository\fw-mab\hidbootloader\debug\assemblyinfo.obj
c:\progetti\alfa\repository\fw-mab\hidbootloader\debug\.netframework,version=v4.0.assemblyattributes.obj
c:\progetti\alfa\repository\fw-mab\hidbootloader\debug\.netframework,version=v4.0.assemblyattributes.asm
c:\progetti\alfa\repository\fw-mab\hidbootloader\debug\bootloaderapp.exe
c:\progetti\alfa\repository\fw-mab\hidbootloader\debug\bootloaderapp.pdb
c:\progetti\alfa\repository\fw-mab\hidbootloader\debug\app.res
c:\progetti\alfa\repository\fw-mab\hidbootloader\debug\hidbootloader.vcxproj.generateresource.cache
c:\progetti\alfa\repository\fw-mab\hidbootloader\debug\hidbootloader.vcxprojresolveassemblyreference.cache
c:\progetti\alfa\repository\fw-mab\hidbootloader\debug\bootloaderapp.exe.metagen
c:\progetti\alfa\repository\fw-mab\hidbootloader\debug\bootloaderapp.tlog\bootloaderapp.write.1u.tlog
c:\progetti\alfa\repository\fw-mab\hidbootloader\debug\bootloaderapp.tlog\cl.command.1.tlog
c:\progetti\alfa\repository\fw-mab\hidbootloader\debug\bootloaderapp.tlog\cl.read.1.tlog
c:\progetti\alfa\repository\fw-mab\hidbootloader\debug\bootloaderapp.tlog\cl.write.1.tlog
c:\progetti\alfa\repository\fw-mab\hidbootloader\debug\bootloaderapp.tlog\link.command.1.tlog
c:\progetti\alfa\repository\fw-mab\hidbootloader\debug\bootloaderapp.tlog\link.read.1.tlog
c:\progetti\alfa\repository\fw-mab\hidbootloader\debug\bootloaderapp.tlog\link.write.1.tlog
c:\progetti\alfa\repository\fw-mab\hidbootloader\debug\bootloaderapp.tlog\metagen.read.1.tlog
c:\progetti\alfa\repository\fw-mab\hidbootloader\debug\bootloaderapp.tlog\metagen.write.1.tlog
c:\progetti\alfa\repository\fw-mab\hidbootloader\debug\bootloaderapp.tlog\rc.command.1.tlog
c:\progetti\alfa\repository\fw-mab\hidbootloader\debug\bootloaderapp.tlog\rc.read.1.tlog
c:\progetti\alfa\repository\fw-mab\hidbootloader\debug\bootloaderapp.tlog\rc.write.1.tlog
c:\progetti\alfa\repository\fw-mab\hidbootloader\debug\bootloaderapp.tlog\rsaenh.dll.bi
c:\progetti\alfa\repository\fw-mab\hidbootloader\debug\bootloaderapp.tlog\tzres.dll.bi
